<?xml version="1.0" encoding="UTF-8"?>
<!-- Generated by org.testng.reporters.JUnitXMLReporter -->
<testsuite hostname="LAPTOP-GOU90RG5" ignored="0" name="Default test" tests="10" failures="0" timestamp="2020-01-08T14:26:16 IST" time="0.076" errors="0">
  <testcase name="Gmailsignup" time="0.01" classname="BasicTests.SignupTest"/>
  <testcase name="Twitterlogin" time="0.001" classname="BasicTests.SignupTest"/>
  <testcase name="GmailLogin" time="0.002" classname="BasicTests.LoginTest"/>
  <testcase name="Twitterlogin" time="0.001" classname="BasicTests.LoginTest"/>
  <testcase name="facebooklogin" time="0.001" classname="BasicTests.LoginTest"/>
  <testcase name="PaymentByDollars" time="0.001" classname="BasicTests.PaymentCurrencies"/>
  <testcase name="PaymentByRupees" time="0.002" classname="BasicTests.PaymentCurrencies"/>
  <testcase name="Online" time="0.001" classname="BasicTests.PaymentModes"/>
  <testcase name="PayTM" time="0.001" classname="BasicTests.PaymentModes"/>
  <testcase name="Rupay" time="0.001" classname="BasicTests.PaymentModes"/>
</testsuite> <!-- Default test -->
