<?xml version="1.0" encoding="UTF-8"?>
<testng-results skipped="0" failed="0" ignored="0" total="1" passed="1">
  <reporter-output>
  </reporter-output>
  <suite name="Default suite" duration-ms="41" started-at="2020-01-22T21:21:36 IST" finished-at="2020-01-22T21:21:36 IST">
    <groups>
    </groups>
    <test name="Default test" duration-ms="41" started-at="2020-01-22T21:21:36 IST" finished-at="2020-01-22T21:21:36 IST">
      <class name="com.testngpgrm.Annotations">
        <test-method status="PASS" signature="beforeSuite()[pri:0, instance:com.testngpgrm.Annotations@6321e813]" name="beforeSuite" is-config="true" duration-ms="12" started-at="2020-01-22T21:21:36 IST" finished-at="2020-01-22T21:21:36 IST">
          <reporter-output>
          </reporter-output>
        </test-method> <!-- beforeSuite -->
        <test-method status="PASS" signature="beforeTest()[pri:0, instance:com.testngpgrm.Annotations@6321e813]" name="beforeTest" is-config="true" duration-ms="1" started-at="2020-01-22T21:21:36 IST" finished-at="2020-01-22T21:21:36 IST">
          <reporter-output>
          </reporter-output>
        </test-method> <!-- beforeTest -->
        <test-method status="PASS" signature="beforeClass()[pri:0, instance:com.testngpgrm.Annotations@6321e813]" name="beforeClass" is-config="true" duration-ms="0" started-at="2020-01-22T21:21:36 IST" finished-at="2020-01-22T21:21:36 IST">
          <reporter-output>
          </reporter-output>
        </test-method> <!-- beforeClass -->
        <test-method status="PASS" signature="beforeMethod()[pri:0, instance:com.testngpgrm.Annotations@6321e813]" name="beforeMethod" is-config="true" duration-ms="0" started-at="2020-01-22T21:21:36 IST" finished-at="2020-01-22T21:21:36 IST">
          <reporter-output>
          </reporter-output>
        </test-method> <!-- beforeMethod -->
        <test-method status="PASS" signature="first()[pri:0, instance:com.testngpgrm.Annotations@6321e813]" name="first" duration-ms="5" started-at="2020-01-22T21:21:36 IST" finished-at="2020-01-22T21:21:36 IST">
          <reporter-output>
          </reporter-output>
        </test-method> <!-- first -->
        <test-method status="PASS" signature="AfterMethod()[pri:0, instance:com.testngpgrm.Annotations@6321e813]" name="AfterMethod" is-config="true" duration-ms="0" started-at="2020-01-22T21:21:36 IST" finished-at="2020-01-22T21:21:36 IST">
          <reporter-output>
          </reporter-output>
        </test-method> <!-- AfterMethod -->
        <test-method status="PASS" signature="afterClass()[pri:0, instance:com.testngpgrm.Annotations@6321e813]" name="afterClass" is-config="true" duration-ms="1" started-at="2020-01-22T21:21:36 IST" finished-at="2020-01-22T21:21:36 IST">
          <reporter-output>
          </reporter-output>
        </test-method> <!-- afterClass -->
        <test-method status="PASS" signature="afterTest()[pri:0, instance:com.testngpgrm.Annotations@6321e813]" name="afterTest" is-config="true" duration-ms="0" started-at="2020-01-22T21:21:36 IST" finished-at="2020-01-22T21:21:36 IST">
          <reporter-output>
          </reporter-output>
        </test-method> <!-- afterTest -->
        <test-method status="PASS" signature="afterSuite()[pri:0, instance:com.testngpgrm.Annotations@6321e813]" name="afterSuite" is-config="true" duration-ms="1" started-at="2020-01-22T21:21:36 IST" finished-at="2020-01-22T21:21:36 IST">
          <reporter-output>
          </reporter-output>
        </test-method> <!-- afterSuite -->
      </class> <!-- com.testngpgrm.Annotations -->
    </test> <!-- Default test -->
  </suite> <!-- Default suite -->
</testng-results>
